{"message":"connected to database","level":"info","service":"user-service","timestamp":"30-07-2020 09:00:27"}
{"message":"Server is running on port 3010","level":"info","service":"user-service","timestamp":"30-07-2020 09:00:27"}
{"message":"Member with id 5f204c1920773bc2a9b77636 found","level":"info","service":"user-service","timestamp":"30-07-2020 09:00:45"}
{"message":"Member authentication successful","level":"info","service":"user-service","timestamp":"30-07-2020 09:00:45"}
{"message":"Unable to complete request TypeError [ERR_INVALID_ARG_TYPE]: The first argument must be one of type string or Buffer. Received type undefined","level":"error","service":"user-service","timestamp":"30-07-2020 09:00:45"}
{"message":"connected to database","level":"info","service":"user-service","timestamp":"30-07-2020 09:01:13"}
{"message":"Server is running on port 3010","level":"info","service":"user-service","timestamp":"30-07-2020 09:01:13"}
{"message":"Member with id 5f204c1920773bc2a9b77636 found","level":"info","service":"user-service","timestamp":"30-07-2020 09:01:15"}
{"message":"Member authentication successful","level":"info","service":"user-service","timestamp":"30-07-2020 09:01:15"}
{"message":"connected to database","level":"info","service":"user-service","timestamp":"30-07-2020 09:01:33"}
{"message":"Server is running on port 3010","level":"info","service":"user-service","timestamp":"30-07-2020 09:01:33"}
{"message":"connected to database","level":"info","service":"user-service","timestamp":"30-07-2020 09:01:39"}
{"message":"Server is running on port 3010","level":"info","service":"user-service","timestamp":"30-07-2020 09:01:39"}
{"message":"Member with id 5f204c1920773bc2a9b77636 found","level":"info","service":"user-service","timestamp":"30-07-2020 09:01:44"}
{"message":"connected to database","level":"info","service":"user-service","timestamp":"30-07-2020 09:02:01"}
{"message":"Server is running on port 3010","level":"info","service":"user-service","timestamp":"30-07-2020 09:02:01"}
{"message":"connected to database","level":"info","service":"user-service","timestamp":"30-07-2020 09:02:27"}
{"message":"Server is running on port 3010","level":"info","service":"user-service","timestamp":"30-07-2020 09:02:27"}
{"message":"connected to database","level":"info","service":"user-service","timestamp":"30-07-2020 09:02:31"}
{"message":"Server is running on port 3010","level":"info","service":"user-service","timestamp":"30-07-2020 09:02:31"}
{"message":"Member with id 5f204c1920773bc2a9b77636 found","level":"info","service":"user-service","timestamp":"30-07-2020 09:02:34"}
{"message":"Member authentication successful","level":"info","service":"user-service","timestamp":"30-07-2020 09:02:34"}
{"message":"Unable to complete request Error [ERR_HTTP_HEADERS_SENT]: Cannot set headers after they are sent to the client","level":"error","service":"user-service","timestamp":"30-07-2020 09:02:34"}
{"message":"connected to database","level":"info","service":"user-service","timestamp":"30-07-2020 09:02:53"}
{"message":"Server is running on port 3010","level":"info","service":"user-service","timestamp":"30-07-2020 09:02:53"}
{"message":"connected to database","level":"info","service":"user-service","timestamp":"30-07-2020 09:03:10"}
{"message":"Server is running on port 3010","level":"info","service":"user-service","timestamp":"30-07-2020 09:03:10"}
{"message":"Member with id 5f204c1920773bc2a9b77636 found","level":"info","service":"user-service","timestamp":"30-07-2020 09:03:12"}
{"message":"Member authentication successful","level":"info","service":"user-service","timestamp":"30-07-2020 09:03:12"}
{"message":"Unable to complete request Error [ERR_HTTP_HEADERS_SENT]: Cannot set headers after they are sent to the client","level":"error","service":"user-service","timestamp":"30-07-2020 09:03:12"}
{"message":"connected to database","level":"info","service":"user-service","timestamp":"30-07-2020 09:03:31"}
{"message":"Server is running on port 3010","level":"info","service":"user-service","timestamp":"30-07-2020 09:03:31"}
{"message":"connected to database","level":"info","service":"user-service","timestamp":"30-07-2020 09:05:05"}
{"message":"Server is running on port 3010","level":"info","service":"user-service","timestamp":"30-07-2020 09:05:05"}
{"message":"connected to database","level":"info","service":"user-service","timestamp":"30-07-2020 09:05:07"}
{"message":"Server is running on port 3010","level":"info","service":"user-service","timestamp":"30-07-2020 09:05:07"}
{"message":"connected to database","level":"info","service":"user-service","timestamp":"30-07-2020 09:05:12"}
{"message":"Server is running on port 3010","level":"info","service":"user-service","timestamp":"30-07-2020 09:05:12"}
{"message":"connected to database","level":"info","service":"user-service","timestamp":"30-07-2020 09:05:28"}
{"message":"Server is running on port 3010","level":"info","service":"user-service","timestamp":"30-07-2020 09:05:28"}
{"message":"connected to database","level":"info","service":"user-service","timestamp":"30-07-2020 09:05:35"}
{"message":"Server is running on port 3010","level":"info","service":"user-service","timestamp":"30-07-2020 09:05:35"}
{"message":"Member with id 5f204c1920773bc2a9b77636 found","level":"info","service":"user-service","timestamp":"30-07-2020 09:05:38"}
{"message":"Member authentication successful","level":"info","service":"user-service","timestamp":"30-07-2020 09:05:39"}
{"message":"connected to database","level":"info","service":"user-service","timestamp":"30-07-2020 09:05:56"}
{"message":"Server is running on port 3010","level":"info","service":"user-service","timestamp":"30-07-2020 09:05:56"}
{"message":"connected to database","level":"info","service":"user-service","timestamp":"30-07-2020 09:06:40"}
{"message":"Server is running on port 3010","level":"info","service":"user-service","timestamp":"30-07-2020 09:06:40"}
{"message":"Member with id 5f204c1920773bc2a9b77636 found","level":"info","service":"user-service","timestamp":"30-07-2020 09:06:43"}
{"message":"Member authentication successful","level":"info","service":"user-service","timestamp":"30-07-2020 09:06:43"}
{"message":"connected to database","level":"info","service":"user-service","timestamp":"30-07-2020 09:06:56"}
{"message":"Server is running on port 3010","level":"info","service":"user-service","timestamp":"30-07-2020 09:06:56"}
{"message":"connected to database","level":"info","service":"user-service","timestamp":"30-07-2020 09:06:57"}
{"message":"Server is running on port 3010","level":"info","service":"user-service","timestamp":"30-07-2020 09:06:57"}
{"message":"connected to database","level":"info","service":"user-service","timestamp":"30-07-2020 09:06:59"}
{"message":"Server is running on port 3010","level":"info","service":"user-service","timestamp":"30-07-2020 09:06:59"}
{"message":"connected to database","level":"info","service":"user-service","timestamp":"30-07-2020 09:07:17"}
{"message":"Server is running on port 3010","level":"info","service":"user-service","timestamp":"30-07-2020 09:07:17"}
{"message":"connected to database","level":"info","service":"user-service","timestamp":"30-07-2020 09:07:19"}
{"message":"Server is running on port 3010","level":"info","service":"user-service","timestamp":"30-07-2020 09:07:19"}
{"message":"connected to database","level":"info","service":"user-service","timestamp":"30-07-2020 09:07:25"}
{"message":"Server is running on port 3010","level":"info","service":"user-service","timestamp":"30-07-2020 09:07:25"}
{"message":"connected to database","level":"info","service":"user-service","timestamp":"30-07-2020 09:07:27"}
{"message":"Server is running on port 3010","level":"info","service":"user-service","timestamp":"30-07-2020 09:07:27"}
{"message":"Member with id 5f204c1920773bc2a9b77636 found","level":"info","service":"user-service","timestamp":"30-07-2020 09:07:29"}
{"message":"Member authentication successful","level":"info","service":"user-service","timestamp":"30-07-2020 09:07:29"}
{"message":"connected to database","level":"info","service":"user-service","timestamp":"30-07-2020 09:07:35"}
{"message":"Server is running on port 3010","level":"info","service":"user-service","timestamp":"30-07-2020 09:07:35"}
{"message":"connected to database","level":"info","service":"user-service","timestamp":"30-07-2020 09:07:38"}
{"message":"Server is running on port 3010","level":"info","service":"user-service","timestamp":"30-07-2020 09:07:38"}
{"message":"connected to database","level":"info","service":"user-service","timestamp":"30-07-2020 09:07:41"}
{"message":"Server is running on port 3010","level":"info","service":"user-service","timestamp":"30-07-2020 09:07:41"}
{"message":"connected to database","level":"info","service":"user-service","timestamp":"30-07-2020 09:08:09"}
{"message":"Server is running on port 3010","level":"info","service":"user-service","timestamp":"30-07-2020 09:08:09"}
{"message":"connected to database","level":"info","service":"user-service","timestamp":"30-07-2020 09:08:13"}
{"message":"Server is running on port 3010","level":"info","service":"user-service","timestamp":"30-07-2020 09:08:13"}
{"message":"Member with id 5f204c1920773bc2a9b77636 found","level":"info","service":"user-service","timestamp":"30-07-2020 09:08:15"}
{"message":"Member authentication successful","level":"info","service":"user-service","timestamp":"30-07-2020 09:08:16"}
{"message":"connected to database","level":"info","service":"user-service","timestamp":"30-07-2020 09:08:38"}
{"message":"Server is running on port 3010","level":"info","service":"user-service","timestamp":"30-07-2020 09:08:38"}
{"message":"Member with id 5f204c1920773bc2a9b77636 found","level":"info","service":"user-service","timestamp":"30-07-2020 09:08:39"}
{"message":"Member authentication successful","level":"info","service":"user-service","timestamp":"30-07-2020 09:08:39"}
{"message":"Member with id 5f204c1920773bc2a9b77636 found","level":"info","service":"user-service","timestamp":"30-07-2020 09:10:30"}
{"message":"Member authentication successful","level":"info","service":"user-service","timestamp":"30-07-2020 09:10:30"}
{"message":"Members found","level":"info","service":"user-service","timestamp":"30-07-2020 09:10:38"}
{"message":"connected to database","level":"info","service":"user-service","timestamp":"30-07-2020 09:11:11"}
{"message":"Server is running on port 3010","level":"info","service":"user-service","timestamp":"30-07-2020 09:11:11"}
{"message":"connected to database","level":"info","service":"user-service","timestamp":"30-07-2020 09:11:15"}
{"message":"Server is running on port 3010","level":"info","service":"user-service","timestamp":"30-07-2020 09:11:15"}
{"message":"connected to database","level":"info","service":"user-service","timestamp":"30-07-2020 09:12:06"}
{"message":"Server is running on port 3010","level":"info","service":"user-service","timestamp":"30-07-2020 09:12:06"}
{"message":"connected to database","level":"info","service":"user-service","timestamp":"30-07-2020 09:12:36"}
{"message":"Server is running on port 3010","level":"info","service":"user-service","timestamp":"30-07-2020 09:12:36"}
{"message":"connected to database","level":"info","service":"user-service","timestamp":"30-07-2020 09:12:42"}
{"message":"Server is running on port 3010","level":"info","service":"user-service","timestamp":"30-07-2020 09:12:42"}
{"message":"connected to database","level":"info","service":"user-service","timestamp":"30-07-2020 09:12:47"}
{"message":"Server is running on port 3010","level":"info","service":"user-service","timestamp":"30-07-2020 09:12:47"}
{"message":"connected to database","level":"info","service":"user-service","timestamp":"30-07-2020 09:12:53"}
{"message":"Server is running on port 3010","level":"info","service":"user-service","timestamp":"30-07-2020 09:12:53"}
{"message":"connected to database","level":"info","service":"user-service","timestamp":"30-07-2020 09:13:04"}
{"message":"Server is running on port 3010","level":"info","service":"user-service","timestamp":"30-07-2020 09:13:04"}
{"message":"connected to database","level":"info","service":"user-service","timestamp":"30-07-2020 09:13:09"}
{"message":"Server is running on port 3010","level":"info","service":"user-service","timestamp":"30-07-2020 09:13:09"}
{"message":"connected to database","level":"info","service":"user-service","timestamp":"30-07-2020 09:13:21"}
{"message":"Server is running on port 3010","level":"info","service":"user-service","timestamp":"30-07-2020 09:13:21"}
{"message":"connected to database","level":"info","service":"user-service","timestamp":"30-07-2020 09:14:06"}
{"message":"Server is running on port 3010","level":"info","service":"user-service","timestamp":"30-07-2020 09:14:06"}
{"message":"connected to database","level":"info","service":"user-service","timestamp":"30-07-2020 09:14:17"}
{"message":"Server is running on port 3010","level":"info","service":"user-service","timestamp":"30-07-2020 09:14:17"}
{"message":"connected to database","level":"info","service":"user-service","timestamp":"30-07-2020 09:14:19"}
{"message":"Server is running on port 3010","level":"info","service":"user-service","timestamp":"30-07-2020 09:14:19"}
{"message":"connected to database","level":"info","service":"user-service","timestamp":"30-07-2020 09:14:24"}
{"message":"Server is running on port 3010","level":"info","service":"user-service","timestamp":"30-07-2020 09:14:24"}
{"message":"connected to database","level":"info","service":"user-service","timestamp":"30-07-2020 09:14:27"}
{"message":"Server is running on port 3010","level":"info","service":"user-service","timestamp":"30-07-2020 09:14:27"}
{"message":"connected to database","level":"info","service":"user-service","timestamp":"30-07-2020 09:14:35"}
{"message":"Server is running on port 3010","level":"info","service":"user-service","timestamp":"30-07-2020 09:14:35"}
{"message":"connected to database","level":"info","service":"user-service","timestamp":"30-07-2020 09:14:42"}
{"message":"Server is running on port 3010","level":"info","service":"user-service","timestamp":"30-07-2020 09:14:42"}
{"message":"connected to database","level":"info","service":"user-service","timestamp":"30-07-2020 09:14:45"}
{"message":"Server is running on port 3010","level":"info","service":"user-service","timestamp":"30-07-2020 09:14:45"}
{"message":"connected to database","level":"info","service":"user-service","timestamp":"30-07-2020 09:14:49"}
{"message":"Server is running on port 3010","level":"info","service":"user-service","timestamp":"30-07-2020 09:14:50"}
{"message":"5f204c1920773bc2a9b77636 balance updated successfully","level":"info","service":"user-service","timestamp":"30-07-2020 09:15:51"}
{"message":"connected to database","level":"info","service":"user-service","timestamp":"30-07-2020 09:23:05"}
{"message":"Server is running on port 3010","level":"info","service":"user-service","timestamp":"30-07-2020 09:23:05"}
